<?xml version="1.0" encoding="UTF-8"?>
<testng-results ignored="0" total="1" passed="1" failed="0" skipped="0">
  <reporter-output>
  </reporter-output>
  <suite started-at="2022-09-07T17:24:49 CDT" name="test.DiscountCodeTests" finished-at="2022-09-07T17:26:38 CDT" duration-ms="109268">
    <groups>
    </groups>
    <test started-at="2022-09-07T17:24:49 CDT" name="Command line test" finished-at="2022-09-07T17:26:38 CDT" duration-ms="109268">
      <class name="test.DiscountCodeTests">
        <test-method is-config="true" signature="setUp()[pri:0, instance:test.DiscountCodeTests@4eb7f003]" started-at="2022-09-07T17:24:49 CDT" name="setUp" finished-at="2022-09-07T17:25:37 CDT" duration-ms="47729" status="PASS">
          <reporter-output>
          </reporter-output>
        </test-method> <!-- setUp -->
        <test-method is-config="true" signature="testSetup()[pri:0, instance:test.DiscountCodeTests@4eb7f003]" started-at="2022-09-07T17:25:37 CDT" name="testSetup" finished-at="2022-09-07T17:25:37 CDT" duration-ms="392" status="PASS">
          <reporter-output>
          </reporter-output>
        </test-method> <!-- testSetup -->
        <test-method signature="givenUserSubmitsInvalidDiscountCodeThenVerifyErrorMessageIsDisplayed()[pri:0, instance:test.DiscountCodeTests@4eb7f003]" started-at="2022-09-07T17:25:37 CDT" name="givenUserSubmitsInvalidDiscountCodeThenVerifyErrorMessageIsDisplayed" finished-at="2022-09-07T17:26:38 CDT" duration-ms="60988" status="PASS">
          <reporter-output>
          </reporter-output>
        </test-method> <!-- givenUserSubmitsInvalidDiscountCodeThenVerifyErrorMessageIsDisplayed -->
        <test-method is-config="true" signature="tearDown()[pri:0, instance:test.DiscountCodeTests@4eb7f003]" started-at="2022-09-07T17:26:38 CDT" name="tearDown" finished-at="2022-09-07T17:26:38 CDT" duration-ms="145" status="PASS">
          <reporter-output>
          </reporter-output>
        </test-method> <!-- tearDown -->
      </class> <!-- test.DiscountCodeTests -->
    </test> <!-- Command line test -->
  </suite> <!-- test.DiscountCodeTests -->
</testng-results>
